This file contains any messages produced by compilers while
running configure, to aid debugging if configure makes a mistake.

It was created by python configure 2.7, which was
generated by GNU Autoconf 2.65.  Invocation command line was

  $ ./configure --prefix=/opt/python27

## --------- ##
## Platform. ##
## --------- ##

hostname = sdw1
uname -m = x86_64
uname -r = 2.6.32-504.8.1.el6.x86_64
uname -s = Linux
uname -v = #1 SMP Wed Jan 28 21:11:36 UTC 2015

/usr/bin/uname -p = unknown
/bin/uname -X     = unknown

/bin/arch              = x86_64
/usr/bin/arch -k       = unknown
/usr/convex/getsysinfo = unknown
/usr/bin/hostinfo      = unknown
/bin/machine           = unknown
/usr/bin/oslevel       = unknown
/bin/universe          = unknown

PATH: /usr/lib64/qt-3.3/bin
PATH: /usr/local/sbin
PATH: /usr/local/bin
PATH: /sbin
PATH: /bin
PATH: /usr/sbin
PATH: /usr/bin
PATH: /root/bin


## ----------- ##
## Core tests. ##
## ----------- ##

configure:2747: checking for --enable-universalsdk
configure:2788: result: no
configure:2797: checking for --with-universal-archs
configure:2814: result: 32-bit
configure:2971: checking MACHDEP
configure:3119: result: linux2
configure:3125: checking EXTRAPLATDIR
configure:3140: result: 
configure:3151: checking machine type as reported by uname -m
configure:3154: result: x86_64
configure:3167: checking for --without-gcc
configure:3211: result: no
configure:3272: checking for gcc
configure:3302: result: no
configure:3365: checking for cc
configure:3412: result: no
configure:3468: checking for cl.exe
configure:3498: result: no
configure:3522: error: in `/root/Cassandra_Team/CassandraQoS/cassandra/Python-2.7':
configure:3525: error: no acceptable C compiler found in $PATH
See `config.log' for more details.

## ---------------- ##
## Cache variables. ##
## ---------------- ##

ac_cv_env_CC_set=
ac_cv_env_CC_value=
ac_cv_env_CFLAGS_set=
ac_cv_env_CFLAGS_value=
ac_cv_env_CPPFLAGS_set=
ac_cv_env_CPPFLAGS_value=
ac_cv_env_CPP_set=
ac_cv_env_CPP_value=
ac_cv_env_LDFLAGS_set=
ac_cv_env_LDFLAGS_value=
ac_cv_env_LIBS_set=
ac_cv_env_LIBS_value=
ac_cv_env_build_alias_set=
ac_cv_env_build_alias_value=
ac_cv_env_host_alias_set=
ac_cv_env_host_alias_value=
ac_cv_env_target_alias_set=
ac_cv_env_target_alias_value=

## ----------------- ##
## Output variables. ##
## ----------------- ##

AR=''
ARCH_RUN_32BIT=''
ARFLAGS=''
BASECFLAGS=''
BLDLIBRARY=''
BLDSHARED=''
BUILDEXEEXT=''
CC=''
CCSHARED=''
CFLAGS=''
CFLAGSFORSHARED=''
CONFIGURE_MACOSX_DEPLOYMENT_TARGET=''
CONFIG_ARGS=' '\''--prefix=/opt/python27'\'''
CPP=''
CPPFLAGS=''
CXX=''
DEFS=''
DLINCLDIR=''
DLLLIBRARY=''
DYNLOADFILE=''
ECHO_C=''
ECHO_N='-n'
ECHO_T=''
EGREP=''
EXEEXT=''
EXPORT_MACOSX_DEPLOYMENT_TARGET='#'
EXTRAMACHDEPPATH=''
EXTRAPLATDIR=''
FRAMEWORKALTINSTALLFIRST=''
FRAMEWORKALTINSTALLLAST=''
FRAMEWORKINSTALLAPPSPREFIX=''
FRAMEWORKINSTALLFIRST=''
FRAMEWORKINSTALLLAST=''
FRAMEWORKUNIXTOOLSPREFIX='/opt/python27'
GNULD=''
GREP=''
HAVE_GETHOSTBYNAME=''
HAVE_GETHOSTBYNAME_R=''
HAVE_GETHOSTBYNAME_R_3_ARG=''
HAVE_GETHOSTBYNAME_R_5_ARG=''
HAVE_GETHOSTBYNAME_R_6_ARG=''
INSTALL_DATA=''
INSTALL_PROGRAM=''
INSTALL_SCRIPT=''
INSTSONAME=''
LDCXXSHARED=''
LDFLAGS=''
LDLAST=''
LDLIBRARY=''
LDLIBRARYDIR=''
LDSHARED=''
LIBC=''
LIBFFI_INCLUDEDIR=''
LIBM=''
LIBOBJS=''
LIBRARY=''
LIBS=''
LIBTOOL_CRUFT=''
LINKCC=''
LINKFORSHARED=''
LIPO_32BIT_FLAGS=''
LN=''
LTLIBOBJS=''
MACHDEP='linux2'
MACHDEP_OBJS=''
MAINCC=''
OBJEXT=''
OPT=''
OTHER_LIBTOOL_OPT=''
PACKAGE_BUGREPORT='http://bugs.python.org/'
PACKAGE_NAME='python'
PACKAGE_STRING='python 2.7'
PACKAGE_TARNAME='python'
PACKAGE_URL=''
PACKAGE_VERSION='2.7'
PATH_SEPARATOR=':'
PKG_CONFIG=''
PYTHONFRAMEWORK=''
PYTHONFRAMEWORKDIR='no-framework'
PYTHONFRAMEWORKIDENTIFIER='org.python.python'
PYTHONFRAMEWORKINSTALLDIR=''
PYTHONFRAMEWORKPREFIX=''
RANLIB=''
RUNSHARED=''
SGI_ABI=''
SHELL='/bin/sh'
SHLIBS=''
SIGNAL_OBJS=''
SO=''
SOVERSION='1.0'
SRCDIRS=''
SVNVERSION=''
THREADHEADERS=''
THREADOBJ=''
TRUE=''
UNICODE_OBJS=''
UNIVERSALSDK=''
UNIVERSAL_ARCH_FLAGS=''
USE_SIGNAL_MODULE=''
USE_THREAD_MODULE=''
VERSION='2.7'
ac_ct_CC=''
bindir='${exec_prefix}/bin'
build_alias=''
datadir='${datarootdir}'
datarootdir='${prefix}/share'
docdir='${datarootdir}/doc/${PACKAGE_TARNAME}'
dvidir='${docdir}'
exec_prefix='NONE'
host_alias=''
htmldir='${docdir}'
includedir='${prefix}/include'
infodir='${datarootdir}/info'
libdir='${exec_prefix}/lib'
libexecdir='${exec_prefix}/libexec'
localedir='${datarootdir}/locale'
localstatedir='${prefix}/var'
mandir='${datarootdir}/man'
oldincludedir='/usr/include'
pdfdir='${docdir}'
prefix='/opt/python27'
program_transform_name='s,x,x,'
psdir='${docdir}'
sbindir='${exec_prefix}/sbin'
sharedstatedir='${prefix}/com'
sysconfdir='${prefix}/etc'
target_alias=''

## ----------- ##
## confdefs.h. ##
## ----------- ##

/* confdefs.h */
#define _GNU_SOURCE 1
#define _NETBSD_SOURCE 1
#define __BSD_VISIBLE 1
#define _BSD_TYPES 1
#define _DARWIN_C_SOURCE 1
#define _XOPEN_SOURCE 600
#define _XOPEN_SOURCE_EXTENDED 1
#define _POSIX_C_SOURCE 200112L

configure: exit 1
